<?xml version="1.0" encoding="UTF-8"?>
<!-- Generated by org.testng.reporters.JUnitReportReporter -->
<testsuite hostname="OFFICE" failures="0" tests="1" name="come.demo.demo.TestClass" time="16.128" errors="0" timestamp="29 May 2024 16:30:22 GMT">
  <testcase classname="come.demo.demo.TestClass" name="testLoginPage" time="16.128"/>
</testsuite> <!-- come.demo.demo.TestClass -->
