<?xml version="1.0" encoding="UTF-8"?>
<!-- Generated by org.testng.reporters.JUnitReportReporter -->
<testsuite hostname="OFFICE" failures="0" tests="1" name="come.demo.demo.Test" time="4.639" errors="0" timestamp="29 May 2024 16:28:15 GMT">
  <testcase classname="come.demo.demo.Test" name="testLoginPage" time="4.639"/>
</testsuite> <!-- come.demo.demo.Test -->
